<?xml version="1.0" encoding="UTF-8"?>
<!-- Generated by org.testng.reporters.JUnitXMLReporter -->
<testsuite ignored="5" hostname="LAPTOP-K9GQO8KP" failures="0" tests="7" name="TestNGFramework" time="0.155" errors="0" timestamp="2023-07-07T12:03:51 IST">
  <testcase classname="test.HelloWorld" name="displayBirthDate" time="0.011"/>
  <testcase classname="test.HelloWorld" name="displayHelloWorld" time="0.002"/>
  <testcase classname="test.HelloWorld" name="displayName" time="0.002"/>
  <testcase classname="test.SampleTest" name="secondTest" time="0.002"/>
  <testcase classname="test.ThridClass" name="method1" time="0.004"/>
  <testcase classname="test.ThridClass" name="method2" time="0.003"/>
  <testcase classname="test.ThridClass" name="method3" time="0.002"/>
  <testcase classname="test.ThridClass" name="operationAdd" time="0.0">
    <ignored/>
  </testcase> <!-- operationAdd -->
  <testcase classname="test.ThridClass" name="operationMultiply" time="0.0">
    <ignored/>
  </testcase> <!-- operationMultiply -->
  <testcase classname="test.ThridClass" name="operationSubtract" time="0.0">
    <ignored/>
  </testcase> <!-- operationSubtract -->
  <testcase classname="test.HelloWorld" name="goodBye" time="0.0">
    <ignored/>
  </testcase> <!-- goodBye -->
  <testcase classname="test.ThridClass" name="operationDivision" time="0.0">
    <ignored/>
  </testcase> <!-- operationDivision -->
</testsuite> <!-- TestNGFramework -->
