<?xml version="1.0" encoding="UTF-8"?>
<!-- Generated by org.testng.reporters.JUnitXMLReporter -->
<testsuite ignored="4" hostname="LAPTOP-K9GQO8KP" failures="0" tests="3" name="TestNGFramework1" time="0.132" errors="0" timestamp="2023-07-07T12:03:51 IST">
  <testcase classname="test.ThridClass" name="operationMultiply" time="0.009"/>
  <testcase classname="test.ThridClass" name="operationSubtract" time="0.002"/>
  <testcase classname="test.ThridClass" name="operationDivision" time="0.001"/>
  <testcase classname="test.ThridClass" name="operationAdd" time="0.0">
    <ignored/>
  </testcase> <!-- operationAdd -->
  <testcase classname="test.ThridClass" name="method3" time="0.0">
    <ignored/>
  </testcase> <!-- method3 -->
  <testcase classname="test.ThridClass" name="method2" time="0.0">
    <ignored/>
  </testcase> <!-- method2 -->
  <testcase classname="test.ThridClass" name="method1" time="0.0">
    <ignored/>
  </testcase> <!-- method1 -->
</testsuite> <!-- TestNGFramework1 -->
