<?xml version="1.0" encoding="UTF-8"?>
<testng-results ignored="0" total="1" passed="1" failed="0" skipped="0">
  <reporter-output>
  </reporter-output>
  <suite started-at="2023-07-07T12:51:39 IST" name="Default suite" finished-at="2023-07-07T12:51:39 IST" duration-ms="79">
    <groups>
    </groups>
    <test started-at="2023-07-07T12:51:39 IST" name="Default test" finished-at="2023-07-07T12:51:39 IST" duration-ms="79">
      <class name="ChildClass1">
        <test-method is-config="true" signature="beforeTest()[pri:0, instance:ChildClass1@21282ed8]" started-at="2023-07-07T12:51:39 IST" name="beforeTest" finished-at="2023-07-07T12:51:39 IST" duration-ms="16" status="PASS">
          <reporter-output>
          </reporter-output>
        </test-method> <!-- beforeTest -->
        <test-method signature="runTest()[pri:0, instance:ChildClass1@21282ed8]" started-at="2023-07-07T12:51:39 IST" name="runTest" finished-at="2023-07-07T12:51:39 IST" duration-ms="10" status="PASS">
          <reporter-output>
          </reporter-output>
        </test-method> <!-- runTest -->
        <test-method is-config="true" signature="afterTest()[pri:0, instance:ChildClass1@21282ed8]" started-at="2023-07-07T12:51:39 IST" name="afterTest" finished-at="2023-07-07T12:51:39 IST" duration-ms="0" status="PASS">
          <reporter-output>
          </reporter-output>
        </test-method> <!-- afterTest -->
      </class> <!-- ChildClass1 -->
    </test> <!-- Default test -->
  </suite> <!-- Default suite -->
</testng-results>
