<?xml version="1.0" encoding="UTF-8"?>
<testng-results ignored="0" total="4" passed="4" failed="0" skipped="0">
  <reporter-output>
  </reporter-output>
  <suite started-at="2023-07-25T13:34:31 IST" name="Default suite" finished-at="2023-07-25T13:34:32 IST" duration-ms="1248">
    <groups>
    </groups>
    <test started-at="2023-07-25T13:34:31 IST" name="Default test" finished-at="2023-07-25T13:34:32 IST" duration-ms="1248">
      <class name="DataDrivenframework.ExcelDriven.DataProvidedSample">
        <test-method signature="testMethod(java.lang.String,java.lang.String,java.lang.String)[pri:0, instance:DataDrivenframework.ExcelDriven.DataProvidedSample@6e0f5f7f]" started-at="2023-07-25T13:34:32 IST" name="testMethod" data-provider="testData" finished-at="2023-07-25T13:34:32 IST" duration-ms="11" status="PASS">
          <params>
            <param index="0">
              <value>
                <![CDATA[Greeting]]>
              </value>
            </param>
            <param index="1">
              <value>
                <![CDATA[Communication]]>
              </value>
            </param>
            <param index="2">
              <value>
                <![CDATA[ID]]>
              </value>
            </param>
          </params>
          <reporter-output>
          </reporter-output>
        </test-method> <!-- testMethod -->
        <test-method signature="testMethod(java.lang.String,java.lang.String,java.lang.String)[pri:0, instance:DataDrivenframework.ExcelDriven.DataProvidedSample@6e0f5f7f]" started-at="2023-07-25T13:34:32 IST" name="testMethod" data-provider="testData" finished-at="2023-07-25T13:34:32 IST" duration-ms="1" status="PASS">
          <params>
            <param index="0">
              <value>
                <![CDATA[hello]]>
              </value>
            </param>
            <param index="1">
              <value>
                <![CDATA[text]]>
              </value>
            </param>
            <param index="2">
              <value>
                <![CDATA[1]]>
              </value>
            </param>
          </params>
          <reporter-output>
          </reporter-output>
        </test-method> <!-- testMethod -->
        <test-method signature="testMethod(java.lang.String,java.lang.String,java.lang.String)[pri:0, instance:DataDrivenframework.ExcelDriven.DataProvidedSample@6e0f5f7f]" started-at="2023-07-25T13:34:32 IST" name="testMethod" data-provider="testData" finished-at="2023-07-25T13:34:32 IST" duration-ms="1" status="PASS">
          <params>
            <param index="0">
              <value>
                <![CDATA[bye]]>
              </value>
            </param>
            <param index="1">
              <value>
                <![CDATA[message]]>
              </value>
            </param>
            <param index="2">
              <value>
                <![CDATA[123]]>
              </value>
            </param>
          </params>
          <reporter-output>
          </reporter-output>
        </test-method> <!-- testMethod -->
        <test-method signature="testMethod(java.lang.String,java.lang.String,java.lang.String)[pri:0, instance:DataDrivenframework.ExcelDriven.DataProvidedSample@6e0f5f7f]" started-at="2023-07-25T13:34:32 IST" name="testMethod" data-provider="testData" finished-at="2023-07-25T13:34:32 IST" duration-ms="1" status="PASS">
          <params>
            <param index="0">
              <value>
                <![CDATA[solo]]>
              </value>
            </param>
            <param index="1">
              <value>
                <![CDATA[call]]>
              </value>
            </param>
            <param index="2">
              <value>
                <![CDATA[463]]>
              </value>
            </param>
          </params>
          <reporter-output>
          </reporter-output>
        </test-method> <!-- testMethod -->
      </class> <!-- DataDrivenframework.ExcelDriven.DataProvidedSample -->
    </test> <!-- Default test -->
  </suite> <!-- Default suite -->
</testng-results>
