<?xml version="1.0" encoding="UTF-8"?>
<testng-results ignored="0" total="1" passed="1" failed="0" skipped="0">
  <reporter-output>
  </reporter-output>
  <suite started-at="2023-08-04T12:17:43 IST" name="Default suite" finished-at="2023-08-04T12:17:49 IST" duration-ms="5557">
    <groups>
    </groups>
    <test started-at="2023-08-04T12:17:43 IST" name="Default test" finished-at="2023-08-04T12:17:49 IST" duration-ms="5557">
      <class name="BrowserStack.CrossBrowserTesting">
        <test-method signature="titleCheck()[pri:0, instance:BrowserStack.CrossBrowserTesting@121314f7]" started-at="2023-08-04T12:17:43 IST" name="titleCheck" finished-at="2023-08-04T12:17:49 IST" duration-ms="5493" status="PASS">
          <reporter-output>
          </reporter-output>
        </test-method> <!-- titleCheck -->
      </class> <!-- BrowserStack.CrossBrowserTesting -->
    </test> <!-- Default test -->
  </suite> <!-- Default suite -->
</testng-results>
