<?xml version="1.0" encoding="UTF-8"?>
<testng-results ignored="0" total="3" passed="3" failed="0" skipped="0">
  <reporter-output>
  </reporter-output>
  <suite started-at="2023-08-04T12:56:47 IST" name="Suite" finished-at="2023-08-04T12:57:11 IST" duration-ms="23714">
    <groups>
    </groups>
    <test started-at="2023-08-04T12:56:47 IST" name="Test-2" finished-at="2023-08-04T12:56:59 IST" duration-ms="11635">
      <class name="BrowserStack.CrossBrowserTesting">
        <test-method signature="titleCheck()[pri:0, instance:BrowserStack.CrossBrowserTesting@68809cc7]" started-at="2023-08-04T12:56:47 IST" name="titleCheck" finished-at="2023-08-04T12:56:57 IST" duration-ms="9855" status="PASS">
          <reporter-output>
          </reporter-output>
        </test-method> <!-- titleCheck -->
      </class> <!-- BrowserStack.CrossBrowserTesting -->
    </test> <!-- Test-2 -->
    <test started-at="2023-08-04T12:56:47 IST" name="Test-0" finished-at="2023-08-04T12:57:02 IST" duration-ms="14798">
      <class name="BrowserStack.CrossBrowserTesting">
        <test-method signature="titleCheck()[pri:0, instance:BrowserStack.CrossBrowserTesting@4b1abd11]" started-at="2023-08-04T12:56:47 IST" name="titleCheck" finished-at="2023-08-04T12:57:00 IST" duration-ms="12922" status="PASS">
          <reporter-output>
          </reporter-output>
        </test-method> <!-- titleCheck -->
      </class> <!-- BrowserStack.CrossBrowserTesting -->
    </test> <!-- Test-0 -->
    <test started-at="2023-08-04T12:56:47 IST" name="Test-1" finished-at="2023-08-04T12:57:11 IST" duration-ms="23714">
      <class name="BrowserStack.CrossBrowserTesting">
        <test-method signature="titleCheck()[pri:0, instance:BrowserStack.CrossBrowserTesting@1c025cb]" started-at="2023-08-04T12:56:47 IST" name="titleCheck" finished-at="2023-08-04T12:57:10 IST" duration-ms="22138" status="PASS">
          <reporter-output>
          </reporter-output>
        </test-method> <!-- titleCheck -->
      </class> <!-- BrowserStack.CrossBrowserTesting -->
    </test> <!-- Test-1 -->
  </suite> <!-- Suite -->
</testng-results>
