<?xml version="1.0" encoding="UTF-8"?>
<testsuite xmlns:xsi="http://www.w3.org/2001/XMLSchema-instance" xsi:noNamespaceSchemaLocation="https://maven.apache.org/surefire/maven-surefire-plugin/xsd/surefire-test-report-3.0.xsd" version="3.0" name="TestSuite" time="26.561" tests="3" errors="0" skipped="0" failures="0">
  <properties>
[...]
</properties>
  <testcase name="titleCheck" classname="BrowserStack.CrossBrowserTesting" time="11.551">
    <system-err><![CDATA[Aug 04, 2023 12:56:48 PM org.openqa.selenium.remote.tracing.opentelemetry.OpenTelemetryTracer createTracer
INFO: Using OpenTelemetry for tracing
]]></system-err>
  </testcase>
  <testcase name="titleCheck" classname="BrowserStack.CrossBrowserTesting" time="14.715"/>
  <testcase name="titleCheck" classname="BrowserStack.CrossBrowserTesting" time="23.632"/>
</testsuite>