<?xml version="1.0" encoding="UTF-8"?>
<!-- Generated by org.testng.reporters.JUnitXMLReporter -->
<testsuite ignored="0" hostname="LAPTOP-K9GQO8KP" failures="0" tests="3" name="E2E Test" time="24.453" errors="0" timestamp="2023-07-13T15:04:28 IST">
  <testcase classname="learning.PageObjectFramework" name="e2eTest" time="9.483"/>
  <testcase classname="learning.PageObjectFramework" name="ordersValidation" time="1.063"/>
  <testcase classname="learning.PageObjectFramework" name="ordersValidation" time="1.212"/>
</testsuite> <!-- E2E Test -->
