<?xml version="1.0" encoding="UTF-8"?>
<!-- Generated by org.testng.reporters.JUnitXMLReporter -->
<testsuite ignored="0" hostname="LAPTOP-K9GQO8KP" failures="0" tests="3" name="Default test" time="0.105" errors="0" timestamp="2023-07-07T11:28:05 IST">
  <testcase classname="test.DataProviderMethod" name="pintUserPass" time="0.011"/>
  <testcase classname="test.DataProviderMethod" name="pintUserPass" time="0.003"/>
  <testcase classname="test.DataProviderMethod" name="pintUserPass" time="0.002"/>
</testsuite> <!-- Default test -->
