<?xml version="1.0" encoding="UTF-8"?>
<!-- Generated by org.testng.reporters.JUnitXMLReporter -->
<testsuite ignored="0" hostname="LAPTOP-K9GQO8KP" failures="0" tests="4" name="Default test" time="1.248" errors="0" timestamp="2023-07-25T13:34:32 IST">
  <testcase classname="DataDrivenframework.ExcelDriven.DataProvidedSample" name="testMethod" time="0.011"/>
  <testcase classname="DataDrivenframework.ExcelDriven.DataProvidedSample" name="testMethod" time="0.001"/>
  <testcase classname="DataDrivenframework.ExcelDriven.DataProvidedSample" name="testMethod" time="0.001"/>
  <testcase classname="DataDrivenframework.ExcelDriven.DataProvidedSample" name="testMethod" time="0.001"/>
</testsuite> <!-- Default test -->
