<?xml version="1.0" encoding="UTF-8"?>
<testng-results ignored="0" total="2" passed="2" failed="0" skipped="0">
  <reporter-output>
  </reporter-output>
  <suite started-at="2023-07-25T15:40:38 IST" name="Suite" finished-at="2023-07-25T15:40:46 IST" duration-ms="8170">
    <groups>
    </groups>
    <test started-at="2023-07-25T15:40:38 IST" name="Test" finished-at="2023-07-25T15:40:46 IST" duration-ms="8170">
      <class name="GoogleTest">
        <test-method signature="homePageCheck()[pri:0, instance:GoogleTest@2dc54ad4]" started-at="2023-07-25T15:40:38 IST" name="homePageCheck" finished-at="2023-07-25T15:40:46 IST" duration-ms="8085" status="PASS">
          <reporter-output>
          </reporter-output>
        </test-method> <!-- homePageCheck -->
      </class> <!-- GoogleTest -->
      <class name="RSATest">
        <test-method signature="homePageCheck()[pri:0, instance:RSATest@23c30a20]" started-at="2023-07-25T15:40:38 IST" name="homePageCheck" finished-at="2023-07-25T15:40:46 IST" duration-ms="8044" status="PASS">
          <reporter-output>
          </reporter-output>
        </test-method> <!-- homePageCheck -->
      </class> <!-- RSATest -->
    </test> <!-- Test -->
  </suite> <!-- Suite -->
</testng-results>
