<?xml version="1.0" encoding="UTF-8"?>
<!-- Generated by org.testng.reporters.JUnitXMLReporter -->
<testsuite ignored="0" hostname="LAPTOP-K9GQO8KP" failures="0" tests="3" name="E2E Test" time="25.788" errors="0" timestamp="2023-07-18T14:58:28 IST">
  <testcase classname="learning.PageObjectFramework" name="e2eTest" time="8.061"/>
  <testcase classname="learning.PageObjectFramework" name="ordersValidation" time="0.785"/>
  <testcase classname="learning.PageObjectFramework" name="ordersValidation" time="0.811"/>
</testsuite> <!-- E2E Test -->
